
**** Build of configuration Debug for project uart_echo ****

"D:\\Ti\\CCS\\ccsv7\\utils\\bin\\gmake" -k all 
 
'Building file: "../startup_ccs.c"'
'Invoking: ARM Compiler'
"D:/Ti/CCS/ccsv7/tools/compiler/ti-cgt-arm_16.9.6.LTS/bin/armcl" -mv7M4 --code_state=16 --float_support=FPv4SPD16 --abi=eabi -me -O2 --include_path="D:/Ti/CCS/ccsv7/tools/compiler/ti-cgt-arm_16.9.6.LTS/include" --include_path="F:/ti/TivaWare_C_Series-2.1.4.178" --advice:power=all -g --gcc --define=ccs="ccs" --define=PART_TM4C1294NCPDT --define=TARGET_IS_TM4C129_RA0 --diag_warning=225 --diag_wrap=off --display_error_number --gen_func_subsections=on --ual --preproc_with_compile --preproc_dependency="startup_ccs.d_raw"  "../startup_ccs.c"

>> Compilation failure
subdir_rules.mk:9: recipe for target 'startup_ccs.obj' failed
"../startup_ccs.c", line 26: fatal error #1965: cannot open source file "inc/hw_nvic.h"
1 catastrophic error detected in the compilation of "../startup_ccs.c".
Compilation terminated.
gmake: *** [startup_ccs.obj] Error 1
'Building file: "../uart_echo.c"'
'Invoking: ARM Compiler'
"D:/Ti/CCS/ccsv7/tools/compiler/ti-cgt-arm_16.9.6.LTS/bin/armcl" -mv7M4 --code_state=16 --float_support=FPv4SPD16 --abi=eabi -me -O2 --include_path="D:/Ti/CCS/ccsv7/tools/compiler/ti-cgt-arm_16.9.6.LTS/include" --include_path="F:/ti/TivaWare_C_Series-2.1.4.178" --advice:power=all -g --gcc --define=ccs="ccs" --define=PART_TM4C1294NCPDT --define=TARGET_IS_TM4C129_RA0 --diag_warning=225 --diag_wrap=off --display_error_number --gen_func_subsections=on --ual --preproc_with_compile --preproc_dependency="uart_echo.d_raw"  "../uart_echo.c"

>> Compilation failure
subdir_rules.mk:16: recipe for target 'uart_echo.obj' failed
"../uart_echo.c", line 28: fatal error #1965: cannot open source file "inc/hw_ints.h"
1 catastrophic error detected in the compilation of "../uart_echo.c".
Compilation terminated.
gmake: *** [uart_echo.obj] Error 1
gmake: Target 'all' not remade because of errors.

**** Build Finished ****
